
> erp-vitora@1.0.0 build
> next build

[baseline-browser-mapping] The data in this module is over two months old.  To ensure accurate Baseline data, please update: `npm i baseline-browser-mapping@latest -D`
Attention: Next.js now collects completely anonymous telemetry regarding usage.
This information is used to shape Next.js' roadmap and prioritize features.
You can learn more, including how to opt-out if you'd not like to participate in this anonymous program, by visiting the following URL:
https://nextjs.org/telemetry

   ▲ Next.js 16.0.6 (Turbopack)
   - Environments: .env.local

   Creating an optimized production build ...
[baseline-browser-mapping] The data in this module is over two months old.  To ensure accurate Baseline data, please update: `npm i baseline-browser-mapping@latest -D`
 ✓ Compiled successfully in 7.9s
   Running TypeScript ...
   Collecting page data using 3 workers ...
[baseline-browser-mapping] The data in this module is over two months old.  To ensure accurate Baseline data, please update: `npm i baseline-browser-mapping@latest -D`
[baseline-browser-mapping] The data in this module is over two months old.  To ensure accurate Baseline data, please update: `npm i baseline-browser-mapping@latest -D`
[baseline-browser-mapping] The data in this module is over two months old.  To ensure accurate Baseline data, please update: `npm i baseline-browser-mapping@latest -D`
Error: supabaseKey is required.
    at instantiateModule (.next/server/chunks/[turbopack]_runtime.js:715:9)
    at instantiateRuntimeModule (.next/server/chunks/[turbopack]_runtime.js:743:12)
    at getOrInstantiateRuntimeModule (.next/server/chunks/[turbopack]_runtime.js:756:12)
    at Object.m (.next/server/chunks/[turbopack]_runtime.js:765:18)
    at Object.<anonymous> (.next/server/app/api/users/create/route.js:6:3)

> Build error occurred
Error: Failed to collect page data for /api/users/create
    at ignore-listed frames {
  type: 'Error'
}
